#
# There is insufficient memory for the Java Runtime Environment to continue.
# Native memory allocation (malloc) failed to allocate 32744 bytes for ChunkPool::allocate
# Possible reasons:
#   The system is out of physical RAM or swap space
#   The process is running with CompressedOops enabled, and the Java Heap may be blocking the growth of the native heap
# Possible solutions:
#   Reduce memory load on the system
#   Increase physical memory or swap space
#   Check if swap backing store is full
#   Decrease Java heap size (-Xmx/-Xms)
#   Decrease number of Java threads
#   Decrease Java thread stack sizes (-Xss)
#   Set larger code cache with -XX:ReservedCodeCacheSize=
#   JVM is running with Unscaled Compressed Oops mode in which the Java heap is
#     placed in the first 4GB address space. The Java Heap base address is the
#     maximum limit for the native heap growth. Please use -XX:HeapBaseMinAddress
#     to set the Java Heap base and to place the Java Heap above 4GB virtual address.
# This output file may be truncated or incomplete.
#
#  Out of Memory Error (allocation.cpp:272), pid=15296, tid=0x0000000000001fec
#
# JRE version: OpenJDK Runtime Environment (8.0_242-b01) (build 1.8.0_242-release-1644-b01)
# Java VM: OpenJDK 64-Bit Server VM (25.242-b01 mixed mode windows-amd64 compressed oops)
# Failed to write core dump. Minidumps are not enabled by default on client versions of Windows
#

---------------  T H R E A D  ---------------

Current thread (0x0000000015db6000):  VMThread [stack: 0x0000000016e60000,0x0000000016f60000] [id=8172]

Stack: [0x0000000016e60000,0x0000000016f60000]
[error occurred during error reporting (printing stack bounds), id 0xc0000005]

Native frames: (J=compiled Java code, j=interpreted, Vv=VM code, C=native code)

VM_Operation (0x00000000250ee0e0): BulkRevokeBias, mode: safepoint, requested by thread 0x0000000019b53000


---------------  P R O C E S S  ---------------

Java Threads: ( => current thread )
  0x000000001d30b000 JavaThread "RMI TCP Connection(13)-127.0.0.1" daemon [_thread_in_native, id=15484, stack(0x000000002f4e0000,0x000000002f5e0000)]
  0x000000001d308800 JavaThread "RMI RenewClean-[127.0.0.1:17896,org.jetbrains.kotlin.daemon.common.LoopbackNetworkInterface$ClientLoopbackSocketFactory@33bc5f31]" daemon [_thread_blocked, id=11052, stack(0x000000002f3e0000,0x000000002f4e0000)]
  0x000000001d308000 JavaThread "RMI TCP Connection(12)-127.0.0.1" daemon [_thread_in_native, id=16308, stack(0x000000002f2e0000,0x000000002f3e0000)]
  0x000000001d300800 JavaThread "RMI TCP Connection(10)-127.0.0.1" daemon [_thread_in_native, id=4704, stack(0x000000002f1e0000,0x000000002f2e0000)]
  0x000000001d307000 JavaThread "RMI RenewClean-[127.0.0.1:17896,org.jetbrains.kotlin.daemon.common.LoopbackNetworkInterface$ClientLoopbackSocketFactory@5037a6d4]" daemon [_thread_blocked, id=15428, stack(0x000000002ed30000,0x000000002ee30000)]
  0x000000001d2ff800 JavaThread "RMI TCP Connection(11)-127.0.0.1" daemon [_thread_in_native, id=10376, stack(0x000000002ec30000,0x000000002ed30000)]
  0x000000001d306800 JavaThread "RMI RenewClean-[127.0.0.1:17896,org.jetbrains.kotlin.daemon.common.LoopbackNetworkInterface$ClientLoopbackSocketFactory@44ccf7a8]" daemon [_thread_blocked, id=5796, stack(0x0000000028e00000,0x0000000028f00000)]
  0x0000000019b5f000 JavaThread "stdout" [_thread_in_native, id=5544, stack(0x0000000028d00000,0x0000000028e00000)]
  0x0000000019b5d800 JavaThread "stderr" [_thread_in_native, id=8664, stack(0x0000000028c00000,0x0000000028d00000)]
  0x0000000019b5e800 JavaThread "stdout" [_thread_in_native, id=6212, stack(0x0000000028b00000,0x0000000028c00000)]
  0x0000000019b62000 JavaThread "stderr" [_thread_in_native, id=11148, stack(0x0000000028a00000,0x0000000028b00000)]
  0x0000000019b5d000 JavaThread "stdout" [_thread_in_native, id=944, stack(0x0000000028900000,0x0000000028a00000)]
  0x0000000019b5c000 JavaThread "stderr" [_thread_in_native, id=3236, stack(0x0000000025d30000,0x0000000025e30000)]
  0x0000000019b61800 JavaThread "stdout" [_thread_in_native, id=10636, stack(0x0000000025c30000,0x0000000025d30000)]
  0x0000000019b60000 JavaThread "stderr" [_thread_in_native, id=10692, stack(0x0000000025b30000,0x0000000025c30000)]
  0x0000000019b54000 JavaThread "pool-11-thread-1" [_thread_blocked, id=960, stack(0x0000000025a30000,0x0000000025b30000)]
  0x0000000019b59000 JavaThread "WorkerExecutor Queue Thread 4" [_thread_blocked, id=8876, stack(0x0000000025930000,0x0000000025a30000)]
  0x0000000019b5a800 JavaThread "WorkerExecutor Queue Thread 3" [_thread_blocked, id=15876, stack(0x0000000025830000,0x0000000025930000)]
  0x0000000019b54800 JavaThread "WorkerExecutor Queue Thread 2" [_thread_blocked, id=16960, stack(0x0000000025730000,0x0000000025830000)]
  0x0000000019b53000 JavaThread "WorkerExecutor Queue" [_thread_blocked, id=17168, stack(0x0000000024ff0000,0x00000000250f0000)]
  0x0000000019b58800 JavaThread "Cache worker for execution history cache (C:\Users\Owner\Documents\CartBruno\.gradle\5.6.4\executionHistory)" [_thread_blocked, id=9944, stack(0x0000000024ef0000,0x0000000024ff0000)]
  0x0000000019b5a000 JavaThread "Execution worker for ':' Thread 3" [_thread_blocked, id=6972, stack(0x00000000249f0000,0x0000000024af0000)]
  0x0000000019b57000 JavaThread "Execution worker for ':' Thread 2" [_thread_blocked, id=12340, stack(0x00000000248f0000,0x00000000249f0000)]
  0x000000001d08f000 JavaThread "Execution worker for ':'" [_thread_blocked, id=16668, stack(0x0000000024370000,0x0000000024470000)]
  0x000000001d08c800 JavaThread "Cache worker for file content cache (C:\Users\Owner\Documents\CartBruno\.gradle\5.6.4\fileContent)" [_thread_blocked, id=10772, stack(0x0000000024170000,0x0000000024270000)]
  0x000000001d08b000 JavaThread "Cache worker for Build Output Cleanup Cache (C:\Users\Owner\Documents\CartBruno\.gradle\buildOutputCleanup)" [_thread_blocked, id=10264, stack(0x0000000023180000,0x0000000023280000)]
  0x000000001d083800 JavaThread "Build operations Thread 4" [_thread_blocked, id=7896, stack(0x0000000021ec0000,0x0000000021fc0000)]
  0x000000001d08a800 JavaThread "Build operations Thread 3" [_thread_blocked, id=1336, stack(0x00000000217c0000,0x00000000218c0000)]
  0x000000001d089800 JavaThread "Build operations Thread 2" [_thread_blocked, id=14736, stack(0x0000000021030000,0x0000000021130000)]
  0x000000001d082000 JavaThread "Build operations" [_thread_blocked, id=10228, stack(0x000000001fa60000,0x000000001fb60000)]
  0x000000001d088000 JavaThread "Cache worker for cache directory md-rule (C:\Users\Owner\.gradle\caches\5.6.4\md-rule)" [_thread_blocked, id=15784, stack(0x000000001f960000,0x000000001fa60000)]
  0x000000001d089000 JavaThread "Cache worker for cache directory md-supplier (C:\Users\Owner\.gradle\caches\5.6.4\md-supplier)" [_thread_blocked, id=14424, stack(0x000000001dd20000,0x000000001de20000)]
  0x000000001d080800 JavaThread "Cache worker for file hash cache (C:\Users\Owner\Documents\CartBruno\.gradle\5.6.4\fileHashes)" [_thread_blocked, id=16292, stack(0x000000001b680000,0x000000001b780000)]
  0x000000001d087800 JavaThread "Thread-91" [_thread_blocked, id=12560, stack(0x000000001b580000,0x000000001b680000)]
  0x000000001d080000 JavaThread "Stdin handler" [_thread_blocked, id=17036, stack(0x000000001b480000,0x000000001b580000)]
  0x000000001d086800 JavaThread "Asynchronous log dispatcher for DefaultDaemonConnection: socket connection from /127.0.0.1:58103 to /127.0.0.1:58508" [_thread_blocked, id=8648, stack(0x000000001b380000,0x000000001b480000)]
  0x000000001d086000 JavaThread "Daemon worker Thread 3" [_thread_blocked, id=15216, stack(0x000000001ae80000,0x000000001af80000)]
  0x000000001d081800 JavaThread "Cancel handler" [_thread_blocked, id=8548, stack(0x0000000000930000,0x0000000000a30000)]
  0x000000001d084800 JavaThread "Handler for socket connection from /127.0.0.1:58103 to /127.0.0.1:58508" [_thread_in_native, id=11952, stack(0x0000000000830000,0x0000000000930000)]
  0x000000001d083000 JavaThread "Daemon Thread 3" [_thread_blocked, id=12692, stack(0x0000000000730000,0x0000000000830000)]
  0x000000001d30a000 JavaThread "Cache worker for Java compile cache (C:\Users\Owner\.gradle\caches\5.6.4\javaCompile)" [_thread_blocked, id=10660, stack(0x0000000026130000,0x0000000026230000)]
  0x000000001d303800 JavaThread "RMI Reaper" [_thread_blocked, id=15596, stack(0x0000000028800000,0x0000000028900000)]
  0x000000001d305000 JavaThread "RMI TCP Accept-0" daemon [_thread_in_native, id=6760, stack(0x0000000028700000,0x0000000028800000)]
  0x000000001d302000 JavaThread "GC Daemon" daemon [_thread_blocked, id=12732, stack(0x0000000028400000,0x0000000028500000)]
  0x000000001d302800 JavaThread "RMI Scheduler(0)" daemon [_thread_blocked, id=9936, stack(0x0000000026030000,0x0000000026130000)]
  0x000000001a239800 JavaThread "MarlinRenderer Disposer" daemon [_thread_blocked, id=15416, stack(0x0000000025430000,0x0000000025530000)]
  0x000000001a236800 JavaThread "Java2D Disposer" daemon [_thread_blocked, id=4708, stack(0x0000000025330000,0x0000000025430000)]
  0x000000001d08d800 JavaThread "Cache worker for file content cache (C:\Users\Owner\.gradle\caches\5.6.4\fileContent)" [_thread_blocked, id=2376, stack(0x0000000024270000,0x0000000024370000)]
  0x000000001fef5800 JavaThread "Memory manager" [_thread_blocked, id=8044, stack(0x00000000227c0000,0x00000000228c0000)]
  0x0000000019b9e800 JavaThread "Cache worker for execution history cache (C:\Users\Owner\.gradle\caches\5.6.4\executionHistory)" [_thread_blocked, id=10560, stack(0x000000001fb60000,0x000000001fc60000)]
  0x0000000019ba2000 JavaThread "Cache worker for journal cache (C:\Users\Owner\.gradle\caches\journal-1)" [_thread_blocked, id=16628, stack(0x000000001bb80000,0x000000001bc80000)]
  0x0000000019b9f000 JavaThread "File lock request listener" [_thread_in_native, id=8720, stack(0x000000001ba80000,0x000000001bb80000)]
  0x000000001996b800 JavaThread "Cache worker for file hash cache (C:\Users\Owner\.gradle\caches\5.6.4\fileHashes)" [_thread_blocked, id=16408, stack(0x000000001b980000,0x000000001ba80000)]
  0x000000001983a800 JavaThread "Daemon periodic checks" [_thread_blocked, id=16480, stack(0x000000001ad80000,0x000000001ae80000)]
  0x0000000019829800 JavaThread "Incoming local TCP Connector on port 58103" [_thread_in_native, id=11528, stack(0x000000001ab40000,0x000000001ac40000)]
  0x00000000197c7800 JavaThread "Daemon health stats" [_thread_blocked, id=10556, stack(0x000000001a500000,0x000000001a600000)]
  0x000000001778b000 JavaThread "Service Thread" daemon [_thread_blocked, id=8748, stack(0x0000000017b60000,0x0000000017c60000)]
  0x0000000015e00000 JavaThread "C1 CompilerThread2" daemon [_thread_blocked, id=16528, stack(0x0000000017660000,0x0000000017760000)]
  0x0000000015dfd000 JavaThread "C2 CompilerThread1" daemon [_thread_in_native, id=12736, stack(0x0000000017560000,0x0000000017660000)]
  0x0000000015df7800 JavaThread "C2 CompilerThread0" daemon [_thread_in_native, id=7348, stack(0x0000000017460000,0x0000000017560000)]
  0x0000000015df3800 JavaThread "Attach Listener" daemon [_thread_blocked, id=7476, stack(0x0000000017360000,0x0000000017460000)]
  0x0000000015df2000 JavaThread "Signal Dispatcher" daemon [_thread_blocked, id=2848, stack(0x0000000017260000,0x0000000017360000)]
  0x000000000247b800 JavaThread "Finalizer" daemon [_thread_blocked, id=12688, stack(0x0000000017060000,0x0000000017160000)]
  0x0000000015dd9000 JavaThread "Reference Handler" daemon [_thread_blocked, id=5524, stack(0x0000000016f60000,0x0000000017060000)]
  0x0000000002382800 JavaThread "main" [_thread_blocked, id=3640, stack(0x0000000002280000,0x0000000002380000)]

Other Threads:
=>0x0000000015db6000 VMThread [stack: 0x0000000016e60000,0x0000000016f60000] [id=8172]
  0x000000001778d800 WatcherThread [stack: 0x0000000017c60000,0x0000000017d60000] [id=15136]

VM state:at safepoint (normal execution)

VM Mutex/Monitor currently owned by a thread:  ([mutex/lock_event])
[0x000000000227dc10] Threads_lock - owner thread: 0x0000000015db6000

heap address: 0x00000000a0000000, size: 1536 MB, Compressed Oops mode: 32-bit
Narrow klass base: 0x0000000000000000, Narrow klass shift: 3
Compressed class space size: 1073741824 Address: 0x0000000100000000

Heap:
 PSYoungGen      total 370176K, used 153439K [0x00000000e0000000, 0x00000000fd180000, 0x0000000100000000)
  eden space 310272K, 31% used [0x00000000e0000000,0x00000000e606e040,0x00000000f2f00000)
  from space 59904K, 91% used [0x00000000f2f00000,0x00000000f6469e58,0x00000000f6980000)
  to   space 66560K, 0% used [0x00000000f9080000,0x00000000f9080000,0x00000000fd180000)
 ParOldGen       total 364544K, used 83765K [0x00000000a0000000, 0x00000000b6400000, 0x00000000e0000000)
  object space 364544K, 22% used [0x00000000a0000000,0x00000000a51cd520,0x00000000b6400000)
 Metaspace       used 115929K, capacity 121872K, committed 122024K, reserved 1155072K
  class space    used 14980K, capacity 16193K, committed 16296K, reserved 1048576K

Card table byte_map: [0x0000000011840000,0x0000000011b50000] byte_map_base: 0x0000000011340000

Marking Bits: (ParMarkBitMap*) 0x000000007052f030
 Begin Bits: [0x0000000012150000, 0x0000000013950000)
 End Bits:   [0x0000000013950000, 0x0000000015150000)

Polling page: 0x0000000002200000

CodeCache: size=245760Kb used=58826Kb max_used=58899Kb free=186933Kb
 bounds [0x0000000002480000, 0x0000000005e50000, 0x0000000011480000]
 total_blobs=18773 nmethods=17710 adapters=975
 compilation: enabled

Compilation events (10 events):
Event: 1091.061 Thread 0x0000000015df7800 22035       4       org.gradle.internal.component.external.model.DefaultModuleComponentIdentifier::getDisplayName (87 bytes)
Event: 1091.061 Thread 0x0000000015e00000 22033       1       org.gradle.api.internal.artifacts.ivyservice.ResolvedArtifactCollectingVisitor::getArtifacts (5 bytes)
Event: 1091.061 Thread 0x0000000015e00000 nmethod 22033 0x00000000039a50d0 code [0x00000000039a5220, 0x00000000039a5330]
Event: 1091.062 Thread 0x0000000015e00000 22034       1       org.gradle.api.internal.artifacts.ivyservice.ResolvedArtifactCollectingVisitor::getFailures (5 bytes)
Event: 1091.062 Thread 0x0000000015e00000 nmethod 22034 0x0000000004074290 code [0x00000000040743e0, 0x00000000040744f0]
Event: 1091.064 Thread 0x0000000015dfd000 22036       4       java.util.concurrent.locks.AbstractQueuedSynchronizer$ConditionObject::signalAll (33 bytes)
Event: 1091.065 Thread 0x0000000015dfd000 nmethod 22036 0x0000000005e302d0 code [0x0000000005e30420, 0x0000000005e30598]
Event: 1091.067 Thread 0x0000000015dfd000 22037       4       java.io.ObjectInputStream$GetFieldImpl::getFieldOffset (72 bytes)
Event: 1091.073 Thread 0x0000000015dfd000 nmethod 22037 0x0000000003477110 code [0x0000000003477280, 0x0000000003477808]
Event: 1091.074 Thread 0x0000000015dfd000 22038       4       java.io.ObjectInputStream$GetFieldImpl::get (67 bytes)

GC Heap History (10 events):
Event: 57.417 GC heap before
{Heap before GC invocations=21 (full 4):
 PSYoungGen      total 301568K, used 261632K [0x00000000e0000000, 0x00000000f5180000, 0x0000000100000000)
  eden space 261632K, 100% used [0x00000000e0000000,0x00000000eff80000,0x00000000eff80000)
  from space 39936K, 0% used [0x00000000f2580000,0x00000000f2580000,0x00000000f4c80000)
  to   space 38912K, 0% used [0x00000000eff80000,0x00000000eff80000,0x00000000f2580000)
 ParOldGen       total 364544K, used 67265K [0x00000000a0000000, 0x00000000b6400000, 0x00000000e0000000)
  object space 364544K, 18% used [0x00000000a0000000,0x00000000a41b0650,0x00000000b6400000)
 Metaspace       used 104894K, capacity 109492K, committed 109736K, reserved 1144832K
  class space    used 13746K, capacity 14684K, committed 14760K, reserved 1048576K
Event: 57.437 GC heap after
Heap after GC invocations=21 (full 4):
 PSYoungGen      total 300544K, used 26854K [0x00000000e0000000, 0x00000000f6c80000, 0x0000000100000000)
  eden space 261632K, 0% used [0x00000000e0000000,0x00000000e0000000,0x00000000eff80000)
  from space 38912K, 69% used [0x00000000eff80000,0x00000000f19b9ad8,0x00000000f2580000)
  to   space 39936K, 0% used [0x00000000f4580000,0x00000000f4580000,0x00000000f6c80000)
 ParOldGen       total 364544K, used 67273K [0x00000000a0000000, 0x00000000b6400000, 0x00000000e0000000)
  object space 364544K, 18% used [0x00000000a0000000,0x00000000a41b2650,0x00000000b6400000)
 Metaspace       used 104894K, capacity 109492K, committed 109736K, reserved 1144832K
  class space    used 13746K, capacity 14684K, committed 14760K, reserved 1048576K
}
Event: 59.219 GC heap before
{Heap before GC invocations=22 (full 4):
 PSYoungGen      total 300544K, used 284385K [0x00000000e0000000, 0x00000000f6c80000, 0x0000000100000000)
  eden space 261632K, 98% used [0x00000000e0000000,0x00000000efb7ece0,0x00000000eff80000)
  from space 38912K, 69% used [0x00000000eff80000,0x00000000f19b9ad8,0x00000000f2580000)
  to   space 39936K, 0% used [0x00000000f4580000,0x00000000f4580000,0x00000000f6c80000)
 ParOldGen       total 364544K, used 67273K [0x00000000a0000000, 0x00000000b6400000, 0x00000000e0000000)
  object space 364544K, 18% used [0x00000000a0000000,0x00000000a41b2650,0x00000000b6400000)
 Metaspace       used 107717K, capacity 112706K, committed 112936K, reserved 1146880K
  class space    used 14082K, capacity 15093K, committed 15144K, reserved 1048576K
Event: 59.275 GC heap after
Heap after GC invocations=22 (full 4):
 PSYoungGen      total 321536K, used 39927K [0x00000000e0000000, 0x00000000f8b00000, 0x0000000100000000)
  eden space 281600K, 0% used [0x00000000e0000000,0x00000000e0000000,0x00000000f1300000)
  from space 39936K, 99% used [0x00000000f4580000,0x00000000f6c7dc28,0x00000000f6c80000)
  to   space 51712K, 0% used [0x00000000f1300000,0x00000000f1300000,0x00000000f4580000)
 ParOldGen       total 364544K, used 83741K [0x00000000a0000000, 0x00000000b6400000, 0x00000000e0000000)
  object space 364544K, 22% used [0x00000000a0000000,0x00000000a51c7520,0x00000000b6400000)
 Metaspace       used 107717K, capacity 112706K, committed 112936K, reserved 1146880K
  class space    used 14082K, capacity 15093K, committed 15144K, reserved 1048576K
}
Event: 624.779 GC heap before
{Heap before GC invocations=23 (full 4):
 PSYoungGen      total 321536K, used 321527K [0x00000000e0000000, 0x00000000f8b00000, 0x0000000100000000)
  eden space 281600K, 100% used [0x00000000e0000000,0x00000000f1300000,0x00000000f1300000)
  from space 39936K, 99% used [0x00000000f4580000,0x00000000f6c7dc28,0x00000000f6c80000)
  to   space 51712K, 0% used [0x00000000f1300000,0x00000000f1300000,0x00000000f4580000)
 ParOldGen       total 364544K, used 83741K [0x00000000a0000000, 0x00000000b6400000, 0x00000000e0000000)
  object space 364544K, 22% used [0x00000000a0000000,0x00000000a51c7520,0x00000000b6400000)
 Metaspace       used 109953K, capacity 115232K, committed 115368K, reserved 1148928K
  class space    used 14379K, capacity 15435K, committed 15528K, reserved 1048576K
Event: 624.890 GC heap after
Heap after GC invocations=23 (full 4):
 PSYoungGen      total 333312K, used 42154K [0x00000000e0000000, 0x00000000fa280000, 0x0000000100000000)
  eden space 281600K, 0% used [0x00000000e0000000,0x00000000e0000000,0x00000000f1300000)
  from space 51712K, 81% used [0x00000000f1300000,0x00000000f3c2a950,0x00000000f4580000)
  to   space 55808K, 0% used [0x00000000f6c00000,0x00000000f6c00000,0x00000000fa280000)
 ParOldGen       total 364544K, used 83749K [0x00000000a0000000, 0x00000000b6400000, 0x00000000e0000000)
  object space 364544K, 22% used [0x00000000a0000000,0x00000000a51c9520,0x00000000b6400000)
 Metaspace       used 109953K, capacity 115232K, committed 115368K, reserved 1148928K
  class space    used 14379K, capacity 15435K, committed 15528K, reserved 1048576K
}
Event: 1079.202 GC heap before
{Heap before GC invocations=24 (full 4):
 PSYoungGen      total 333312K, used 323754K [0x00000000e0000000, 0x00000000fa280000, 0x0000000100000000)
  eden space 281600K, 100% used [0x00000000e0000000,0x00000000f1300000,0x00000000f1300000)
  from space 51712K, 81% used [0x00000000f1300000,0x00000000f3c2a950,0x00000000f4580000)
  to   space 55808K, 0% used [0x00000000f6c00000,0x00000000f6c00000,0x00000000fa280000)
 ParOldGen       total 364544K, used 83749K [0x00000000a0000000, 0x00000000b6400000, 0x00000000e0000000)
  object space 364544K, 22% used [0x00000000a0000000,0x00000000a51c9520,0x00000000b6400000)
 Metaspace       used 115319K, capacity 121220K, committed 121384K, reserved 1155072K
  class space    used 14960K, capacity 16161K, committed 16168K, reserved 1048576K
Event: 1079.251 GC heap after
Heap after GC invocations=24 (full 4):
 PSYoungGen      total 366080K, used 44163K [0x00000000e0000000, 0x00000000fa400000, 0x0000000100000000)
  eden space 310272K, 0% used [0x00000000e0000000,0x00000000e0000000,0x00000000f2f00000)
  from space 55808K, 79% used [0x00000000f6c00000,0x00000000f9720d68,0x00000000fa280000)
  to   space 59904K, 0% used [0x00000000f2f00000,0x00000000f2f00000,0x00000000f6980000)
 ParOldGen       total 364544K, used 83757K [0x00000000a0000000, 0x00000000b6400000, 0x00000000e0000000)
  object space 364544K, 22% used [0x00000000a0000000,0x00000000a51cb520,0x00000000b6400000)
 Metaspace       used 115319K, capacity 121220K, committed 121384K, reserved 1155072K
  class space    used 14960K, capacity 16161K, committed 16168K, reserved 1048576K
}
Event: 1082.909 GC heap before
{Heap before GC invocations=25 (full 4):
 PSYoungGen      total 366080K, used 354435K [0x00000000e0000000, 0x00000000fa400000, 0x0000000100000000)
  eden space 310272K, 100% used [0x00000000e0000000,0x00000000f2f00000,0x00000000f2f00000)
  from space 55808K, 79% used [0x00000000f6c00000,0x00000000f9720d68,0x00000000fa280000)
  to   space 59904K, 0% used [0x00000000f2f00000,0x00000000f2f00000,0x00000000f6980000)
 ParOldGen       total 364544K, used 83757K [0x00000000a0000000, 0x00000000b6400000, 0x00000000e0000000)
  object space 364544K, 22% used [0x00000000a0000000,0x00000000a51cb520,0x00000000b6400000)
 Metaspace       used 115842K, capacity 121804K, committed 122024K, reserved 1155072K
  class space    used 14980K, capacity 16193K, committed 16296K, reserved 1048576K
Event: 1082.953 GC heap after
Heap after GC invocations=25 (full 4):
 PSYoungGen      total 370176K, used 54695K [0x00000000e0000000, 0x00000000fd180000, 0x0000000100000000)
  eden space 310272K, 0% used [0x00000000e0000000,0x00000000e0000000,0x00000000f2f00000)
  from space 59904K, 91% used [0x00000000f2f00000,0x00000000f6469e58,0x00000000f6980000)
  to   space 66560K, 0% used [0x00000000f9080000,0x00000000f9080000,0x00000000fd180000)
 ParOldGen       total 364544K, used 83765K [0x00000000a0000000, 0x00000000b6400000, 0x00000000e0000000)
  object space 364544K, 22% used [0x00000000a0000000,0x00000000a51cd520,0x00000000b6400000)
 Metaspace       used 115842K, capacity 121804K, committed 122024K, reserved 1155072K
  class space    used 14980K, capacity 16193K, committed 16296K, reserved 1048576K
}

Deoptimization events (10 events):
Event: 656.048 Thread 0x0000000019b53000 Uncommon trap: reason=unstable_if action=reinterpret pc=0x0000000003671c4c method=java.util.concurrent.locks.AbstractQueuedSynchronizer.enq(Ljava/util/concurrent/locks/AbstractQueuedSynchronizer$Node;)Ljava/util/concurrent/locks/AbstractQueuedSynchronizer
Event: 1079.176 Thread 0x000000001d086000 Uncommon trap: reason=class_check action=maybe_recompile pc=0x00000000029314e8 method=org.gradle.internal.work.DefaultWorkerLeaseService$DefaultWorkerLease.acquireLock()Z @ 4
Event: 1079.432 Thread 0x000000001d086000 Uncommon trap: reason=class_check action=maybe_recompile pc=0x0000000004b11320 method=java.util.Spliterators$ArraySpliterator.tryAdvance(Ljava/util/function/Consumer;)Z @ 49
Event: 1079.462 Thread 0x000000001d086000 Uncommon trap: reason=class_check action=maybe_recompile pc=0x0000000004b11320 method=java.util.Spliterators$ArraySpliterator.tryAdvance(Ljava/util/function/Consumer;)Z @ 49
Event: 1079.578 Thread 0x000000001d08f000 Uncommon trap: reason=unstable_if action=reinterpret pc=0x0000000003c28208 method=java.util.concurrent.ConcurrentLinkedQueue.offer(Ljava/lang/Object;)Z @ 40
Event: 1079.629 Thread 0x000000001d08f000 Uncommon trap: reason=unstable_if action=reinterpret pc=0x0000000003c2f290 method=java.util.concurrent.ConcurrentLinkedQueue.offer(Ljava/lang/Object;)Z @ 40
Event: 1079.958 Thread 0x0000000019b57000 Uncommon trap: reason=null_check action=make_not_entrant pc=0x00000000034f8158 method=com.sun.org.apache.xerces.internal.dom.NamedNodeMapImpl.findNamePoint(Ljava/lang/String;Ljava/lang/String;)I @ 76
Event: 1080.065 Thread 0x0000000019b57000 Uncommon trap: reason=null_check action=make_not_entrant pc=0x000000000430aa04 method=com.sun.org.apache.xerces.internal.dom.ElementImpl.getDefaultAttributes()Lcom/sun/org/apache/xerces/internal/dom/NamedNodeMapImpl; @ 7
Event: 1080.363 Thread 0x0000000019b5a800 Uncommon trap: reason=unstable_if action=reinterpret pc=0x00000000044e8b6c method=com.sun.imageio.plugins.png.PNGImageWriter.encodePass(Ljavax/imageio/stream/ImageOutputStream;Ljava/awt/image/RenderedImage;IIII)V @ 303
Event: 1081.252 Thread 0x000000001d08f000 Uncommon trap: reason=null_check action=make_not_entrant pc=0x000000000428afdc method=com.sun.org.apache.xerces.internal.dom.NamedNodeMapImpl.findNamePoint(Ljava/lang/String;Ljava/lang/String;)I @ 105

Classes redefined (0 events):
No events

Internal exceptions (10 events):
Event: 1079.958 Thread 0x0000000019b57000 Implicit null exception at 0x00000000034f75e2 to 0x00000000034f8139
Event: 1080.065 Thread 0x0000000019b57000 Implicit null exception at 0x000000000430a968 to 0x000000000430a9e9
Event: 1081.201 Thread 0x0000000019b5a000 Exception <a 'sun/nio/fs/WindowsException'> (0x00000000ebc59198) thrown at [C:\src\AOSP-openjdk-git\hotspot\src\share\vm\prims\jni.cpp, line 710]
Event: 1081.252 Thread 0x000000001d08f000 Implicit null exception at 0x000000000428a12a to 0x000000000428afb3
Event: 1082.569 Thread 0x0000000019b59000 Exception <a 'sun/nio/fs/WindowsException'> (0x00000000ee0d4ba8) thrown at [C:\src\AOSP-openjdk-git\hotspot\src\share\vm\prims\jni.cpp, line 710]
Event: 1082.569 Thread 0x0000000019b59000 Exception <a 'sun/nio/fs/WindowsException'> (0x00000000ee0d53c8) thrown at [C:\src\AOSP-openjdk-git\hotspot\src\share\vm\prims\jni.cpp, line 710]
Event: 1082.569 Thread 0x0000000019b59000 Exception <a 'sun/nio/fs/WindowsException'> (0x00000000ee0d5870) thrown at [C:\src\AOSP-openjdk-git\hotspot\src\share\vm\prims\jni.cpp, line 710]
Event: 1083.453 Thread 0x000000001d306800 Exception <a 'java/lang/InterruptedException'> (0x00000000e352e718) thrown at [C:\src\AOSP-openjdk-git\hotspot\src\share\vm\runtime\objectMonitor.cpp, line 1680]
Event: 1085.914 Thread 0x000000001d307000 Exception <a 'java/lang/InterruptedException'> (0x00000000e5639b48) thrown at [C:\src\AOSP-openjdk-git\hotspot\src\share\vm\runtime\objectMonitor.cpp, line 1680]
Event: 1088.178 Thread 0x000000001d308800 Exception <a 'java/lang/InterruptedException'> (0x00000000e5b8c1d0) thrown at [C:\src\AOSP-openjdk-git\hotspot\src\share\vm\runtime\objectMonitor.cpp, line 1680]

Events (10 events):
Event: 1091.063 Thread 0x0000000015e00000 flushing nmethod 0x000000000334a890
Event: 1091.063 Thread 0x0000000015e00000 flushing nmethod 0x0000000003477110
Event: 1091.063 Thread 0x0000000015e00000 flushing nmethod 0x0000000003487c10
Event: 1091.063 Thread 0x0000000015e00000 flushing nmethod 0x00000000034f7310
Event: 1091.063 Thread 0x0000000015e00000 flushing nmethod 0x0000000003545110
Event: 1091.066 Thread 0x0000000015dfd000 flushing nmethod 0x00000000038bd410
Event: 1091.066 Thread 0x0000000015dfd000 flushing nmethod 0x00000000038d3e90
Event: 1091.073 Thread 0x0000000015dfd000 flushing nmethod 0x0000000003a00150
Event: 1091.074 Thread 0x0000000015dfd000 flushing nmethod 0x0000000003bbe790
Event: 1091.080 Executing VM operation: BulkRevokeBias


Dynamic libraries:
0x00007ff7cc8f0000 - 0x00007ff7cc921000 	D:\Program Files\Android\Android Studio\jre\bin\java.exe
0x00007ffda2ec0000 - 0x00007ffda30b0000 	C:\WINDOWS\SYSTEM32\ntdll.dll
0x00007ffda2620000 - 0x00007ffda26d2000 	C:\WINDOWS\System32\KERNEL32.DLL
0x00007ffda01a0000 - 0x00007ffda0445000 	C:\WINDOWS\System32\KERNELBASE.dll
0x00007ffda1bd0000 - 0x00007ffda1c73000 	C:\WINDOWS\System32\ADVAPI32.dll
0x00007ffda1400000 - 0x00007ffda149e000 	C:\WINDOWS\System32\msvcrt.dll
0x00007ffda2090000 - 0x00007ffda2127000 	C:\WINDOWS\System32\sechost.dll
0x00007ffda2350000 - 0x00007ffda2470000 	C:\WINDOWS\System32\RPCRT4.dll
0x00007ffda2130000 - 0x00007ffda22c4000 	C:\WINDOWS\System32\USER32.dll
0x00007ffda0500000 - 0x00007ffda0521000 	C:\WINDOWS\System32\win32u.dll
0x00007ffda16a0000 - 0x00007ffda16c6000 	C:\WINDOWS\System32\GDI32.dll
0x00007ffd9fe40000 - 0x00007ffd9ffd6000 	C:\WINDOWS\System32\gdi32full.dll
0x00007ffda0100000 - 0x00007ffda019e000 	C:\WINDOWS\System32\msvcp_win.dll
0x00007ffd9ffe0000 - 0x00007ffda00da000 	C:\WINDOWS\System32\ucrtbase.dll
0x00007ffd81a10000 - 0x00007ffd81c94000 	C:\WINDOWS\WinSxS\amd64_microsoft.windows.common-controls_6595b64144ccf1df_6.0.18362.1198_none_9e820b57e45ad92f\COMCTL32.dll
0x00007ffda1d50000 - 0x00007ffda2085000 	C:\WINDOWS\System32\combase.dll
0x00007ffda0480000 - 0x00007ffda0500000 	C:\WINDOWS\System32\bcryptPrimitives.dll
0x00007ffda2e30000 - 0x00007ffda2e5e000 	C:\WINDOWS\System32\IMM32.DLL
0x0000000070a50000 - 0x0000000070b22000 	D:\Program Files\Android\Android Studio\jre\jre\bin\msvcr100.dll
0x000000006fd60000 - 0x00000000705ab000 	D:\Program Files\Android\Android Studio\jre\jre\bin\server\jvm.dll
0x00007ffda0f70000 - 0x00007ffda0f78000 	C:\WINDOWS\System32\PSAPI.DLL
0x00007ffd9d4c0000 - 0x00007ffd9d4c9000 	C:\WINDOWS\SYSTEM32\WSOCK32.dll
0x00007ffd9cd90000 - 0x00007ffd9cdb4000 	C:\WINDOWS\SYSTEM32\WINMM.dll
0x00007ffd97810000 - 0x00007ffd9781a000 	C:\WINDOWS\SYSTEM32\VERSION.dll
0x00007ffda1980000 - 0x00007ffda19ef000 	C:\WINDOWS\System32\WS2_32.dll
0x00007ffd9cc60000 - 0x00007ffd9cc8d000 	C:\WINDOWS\SYSTEM32\WINMMBASE.dll
0x00007ffda0530000 - 0x00007ffda057a000 	C:\WINDOWS\System32\cfgmgr32.dll
0x00007ffd9b1b0000 - 0x00007ffd9b1bf000 	D:\Program Files\Android\Android Studio\jre\jre\bin\verify.dll
0x00007ffd973b0000 - 0x00007ffd973d9000 	D:\Program Files\Android\Android Studio\jre\jre\bin\java.dll
0x00007ffd97390000 - 0x00007ffd973a6000 	D:\Program Files\Android\Android Studio\jre\jre\bin\zip.dll
0x00007ffda2740000 - 0x00007ffda2e27000 	C:\WINDOWS\System32\SHELL32.dll
0x00007ffda15e0000 - 0x00007ffda1689000 	C:\WINDOWS\System32\shcore.dll
0x00007ffda05e0000 - 0x00007ffda0d61000 	C:\WINDOWS\System32\windows.storage.dll
0x00007ffd9fdf0000 - 0x00007ffd9fe13000 	C:\WINDOWS\System32\profapi.dll
0x00007ffd9fd80000 - 0x00007ffd9fdca000 	C:\WINDOWS\System32\powrprof.dll
0x00007ffd9fd70000 - 0x00007ffd9fd80000 	C:\WINDOWS\System32\UMPDC.dll
0x00007ffda26e0000 - 0x00007ffda2732000 	C:\WINDOWS\System32\shlwapi.dll
0x00007ffd9fdd0000 - 0x00007ffd9fde1000 	C:\WINDOWS\System32\kernel.appcore.dll
0x00007ffda00e0000 - 0x00007ffda00f7000 	C:\WINDOWS\System32\cryptsp.dll
0x00007ffd97370000 - 0x00007ffd9738a000 	D:\Program Files\Android\Android Studio\jre\jre\bin\net.dll
0x00007ffd9f5c0000 - 0x00007ffd9f627000 	C:\WINDOWS\system32\mswsock.dll
0x00007ffd97200000 - 0x00007ffd97213000 	D:\Program Files\Android\Android Studio\jre\jre\bin\nio.dll
0x00007ffd9b230000 - 0x00007ffd9b256000 	C:\Users\Owner\.gradle\native\30\windows-amd64\native-platform.dll
0x00007ffd99720000 - 0x00007ffd9972d000 	D:\Program Files\Android\Android Studio\jre\jre\bin\management.dll
0x00007ffd9f130000 - 0x00007ffd9f163000 	C:\WINDOWS\system32\rsaenh.dll
0x00007ffda0450000 - 0x00007ffda0476000 	C:\WINDOWS\System32\bcrypt.dll
0x00007ffd9fc90000 - 0x00007ffd9fcb5000 	C:\WINDOWS\SYSTEM32\USERENV.dll
0x00007ffd9f790000 - 0x00007ffd9f79c000 	C:\WINDOWS\SYSTEM32\CRYPTBASE.dll
0x00007ffd9f2d0000 - 0x00007ffd9f30a000 	C:\WINDOWS\SYSTEM32\IPHLPAPI.DLL
0x00007ffda1690000 - 0x00007ffda1698000 	C:\WINDOWS\System32\NSI.dll
0x00007ffd9b330000 - 0x00007ffd9b346000 	C:\WINDOWS\SYSTEM32\dhcpcsvc6.DLL
0x00007ffd9b310000 - 0x00007ffd9b32c000 	C:\WINDOWS\SYSTEM32\dhcpcsvc.DLL
0x00007ffd9f310000 - 0x00007ffd9f3db000 	C:\WINDOWS\SYSTEM32\DNSAPI.dll
0x00007ffd9eec0000 - 0x00007ffd9eef1000 	C:\WINDOWS\SYSTEM32\ntmarta.dll
0x00007ffd87990000 - 0x00007ffd87b2c000 	D:\Program Files\Android\Android Studio\jre\jre\bin\awt.dll
0x00007ffda1730000 - 0x00007ffda17f5000 	C:\WINDOWS\System32\OLEAUT32.dll
0x00007ffd9e130000 - 0x00007ffd9e15d000 	C:\WINDOWS\SYSTEM32\dwmapi.dll
0x00007ffd9bb50000 - 0x00007ffd9c110000 	C:\WINDOWS\SYSTEM32\d2d1.dll
0x00007ffd9cf90000 - 0x00007ffd9d01f000 	C:\WINDOWS\SYSTEM32\apphelp.dll
0x00007ffd9dd00000 - 0x00007ffd9dd99000 	C:\WINDOWS\system32\uxtheme.dll

VM Arguments:
jvm_args: -Xmx1536m -Dfile.encoding=windows-1252 -Duser.country=GB -Duser.language=en -Duser.variant 
java_command: org.gradle.launcher.daemon.bootstrap.GradleDaemon 5.6.4
java_class_path (initial): C:\Users\Owner\.gradle\wrapper\dists\gradle-5.6.4-all\ankdp27end7byghfw1q2sw75f\gradle-5.6.4\lib\gradle-launcher-5.6.4.jar
Launcher Type: SUN_STANDARD

Environment Variables:
JAVA_HOME=C:\Program Files\Java\jdk-15
CLASSPATH=.;
PATH=C:\Program Files (x86)\Razer Chroma SDK\bin;C:\Program Files\Razer Chroma SDK\bin;C:\Python27\;C:\Python27\Scripts;C:\Python38\Scripts\;C:\Python38\;C:\Program Files (x86)\Razer\ChromaBroadcast\bin;C:\Program Files\Razer\ChromaBroadcast\bin;C:\Program Files (x86)\Google\Chrome\Application;C:\WINDOWS\system32;C:\WINDOWS;C:\WINDOWS\System32\Wbem;C:\WINDOWS\System32\WindowsPowerShell\v1.0\;C:\WINDOWS\System32\OpenSSH\;C:\Program Files\MySQL\MySQL Shell 8.0\bin\;C:\Users\Owner\AppData\Local\Microsoft\WindowsApps;C:\Program Files (x86)\Brackets\command;C:\ProgramData\chocolatey\bin;C:\Program Files\NVIDIA Corporation\NVIDIA NvDLISR;C:\Program Files (x86)\NVIDIA Corporation\PhysX\Common;C:\Program Files (x86)\Intel\Intel(R) Management Engine Components\DAL;C:\Program Files\Intel\Intel(R) Management Engine Components\DAL;C:\WINDOWS\system32\config\systemprofile\AppData\Local\Microsoft\WindowsApps;C:\Program Files\Java\jdk-15\bin;C:\Program Files\Git\cmd;C:\Program Files\nodejs\;C:\Users\Owner\AppData\Local\Yarn\bin;C:\Program Files (x86)\Yarn\bin\;C:\Program Files\dotnet\;C:\Program Files\MySQL\MySQL Shell 8.0\bin\;C:\Users\Owner\AppData\Local\Microsoft\WindowsApps;C:\Users\Owner\AppData\Local\Programs\Microsoft VS Code\bin;C:\Users\Owner\AppData\Local\Android\Sdk\tools\bin\plataform-tools;D:\D Program Files\IntelliJ IDEA Community Edition 2020.2.2\bin;;C:\Users\Owner\AppData\Roaming\npm;C:\Users\Owner\AppData\Local\Yarn\bin;C:\Users\Owner\AppData\Local\hyper\app-3.0.2\resources\bin;C:\Users\Owner\.dotnet\tools
USERNAME=Owner
OS=Windows_NT
PROCESSOR_IDENTIFIER=Intel64 Family 6 Model 158 Stepping 9, GenuineIntel



---------------  S Y S T E M  ---------------

OS: Windows 10.0 , 64 bit Build 18362 (10.0.18362.1110)

CPU:total 4 (initial active 4) (4 cores per cpu, 1 threads per core) family 6 model 158 stepping 9, cmov, cx8, fxsr, mmx, sse, sse2, sse3, ssse3, sse4.1, sse4.2, popcnt, avx, avx2, aes, clmul, erms, 3dnowpref, lzcnt, tsc, tscinvbit, bmi1, bmi2, adx

Memory: 4k page, physical 16640372k(2862580k free), swap 16640372k(4124k free)

vm_info: OpenJDK 64-Bit Server VM (25.242-b01) for windows-amd64 JRE (1.8.0_242-release-1644-b01), built by "builder" with MS VC++ 10.0 (VS2010)

time: Sat Nov 28 21:12:21 2020
timezone: GMT Standard Time
elapsed time: 1091 seconds (0d 0h 18m 11s)

